<?xml version="1.0" encoding="UTF-8"?>
<!-- Generated by org.testng.reporters.JUnitXMLReporter -->
<testsuite ignored="0" hostname="DESKTOP-1TM14HO" failures="0" tests="4" name="Default test" time="0.079" errors="0" timestamp="2021-12-05T22:49:58 IST">
  <testcase classname="euler.test.P2_Even_Fibonacci_numbers_Test" name="test_4Million" time="0.01"/>
  <testcase classname="euler.test.P2_Even_Fibonacci_numbers_Test" name="test_4Million_v2" time="0.004"/>
  <testcase classname="euler.test.P2_Even_Fibonacci_numbers_Test" name="test_55" time="0.002"/>
  <testcase classname="euler.test.P2_Even_Fibonacci_numbers_Test" name="test_55_v2" time="0.002"/>
</testsuite> <!-- Default test -->
