<?xml version="1.0" encoding="UTF-8"?>
<testng-results ignored="0" total="2" passed="2" failed="0" skipped="0">
  <reporter-output>
  </reporter-output>
  <suite started-at="2021-12-05T20:53:27 IST" name="Default suite" finished-at="2021-12-05T20:53:27 IST" duration-ms="103">
    <groups>
    </groups>
    <test started-at="2021-12-05T20:53:27 IST" name="Default test" finished-at="2021-12-05T20:53:27 IST" duration-ms="103">
      <class name="euler.test.P1_Multiples_of_3_or_5_Test">
        <test-method is-config="true" signature="beforeClass()[pri:0, instance:euler.test.P1_Multiples_of_3_or_5_Test@65f095f8]" started-at="2021-12-05T20:53:27 IST" name="beforeClass" finished-at="2021-12-05T20:53:27 IST" duration-ms="20" status="PASS">
          <reporter-output>
          </reporter-output>
        </test-method> <!-- beforeClass -->
        <test-method signature="test_10()[pri:0, instance:euler.test.P1_Multiples_of_3_or_5_Test@65f095f8]" started-at="2021-12-05T20:53:27 IST" name="test_10" finished-at="2021-12-05T20:53:27 IST" duration-ms="19" status="PASS">
          <reporter-output>
          </reporter-output>
        </test-method> <!-- test_10 -->
        <test-method signature="test_10_v2()[pri:0, instance:euler.test.P1_Multiples_of_3_or_5_Test@65f095f8]" started-at="2021-12-05T20:53:27 IST" name="test_10_v2" finished-at="2021-12-05T20:53:27 IST" duration-ms="2" status="PASS">
          <reporter-output>
          </reporter-output>
        </test-method> <!-- test_10_v2 -->
      </class> <!-- euler.test.P1_Multiples_of_3_or_5_Test -->
    </test> <!-- Default test -->
  </suite> <!-- Default suite -->
</testng-results>
