<?xml version="1.0" encoding="UTF-8"?>
<testng-results ignored="0" total="4" passed="4" failed="0" skipped="0">
  <reporter-output>
  </reporter-output>
  <suite started-at="2021-12-05T22:49:58 IST" name="Default suite" finished-at="2021-12-05T22:49:58 IST" duration-ms="79">
    <groups>
    </groups>
    <test started-at="2021-12-05T22:49:58 IST" name="Default test" finished-at="2021-12-05T22:49:58 IST" duration-ms="79">
      <class name="euler.test.P2_Even_Fibonacci_numbers_Test">
        <test-method is-config="true" signature="beforeClass()[pri:0, instance:euler.test.P2_Even_Fibonacci_numbers_Test@3e6ef8ad]" started-at="2021-12-05T22:49:58 IST" name="beforeClass" finished-at="2021-12-05T22:49:58 IST" duration-ms="8" status="PASS">
          <reporter-output>
          </reporter-output>
        </test-method> <!-- beforeClass -->
        <test-method signature="test_4Million()[pri:0, instance:euler.test.P2_Even_Fibonacci_numbers_Test@3e6ef8ad]" started-at="2021-12-05T22:49:58 IST" name="test_4Million" finished-at="2021-12-05T22:49:58 IST" duration-ms="10" status="PASS">
          <reporter-output>
          </reporter-output>
        </test-method> <!-- test_4Million -->
        <test-method signature="test_4Million_v2()[pri:0, instance:euler.test.P2_Even_Fibonacci_numbers_Test@3e6ef8ad]" started-at="2021-12-05T22:49:58 IST" name="test_4Million_v2" finished-at="2021-12-05T22:49:58 IST" duration-ms="4" status="PASS">
          <reporter-output>
          </reporter-output>
        </test-method> <!-- test_4Million_v2 -->
        <test-method signature="test_55()[pri:0, instance:euler.test.P2_Even_Fibonacci_numbers_Test@3e6ef8ad]" started-at="2021-12-05T22:49:58 IST" name="test_55" finished-at="2021-12-05T22:49:58 IST" duration-ms="2" status="PASS">
          <reporter-output>
          </reporter-output>
        </test-method> <!-- test_55 -->
        <test-method signature="test_55_v2()[pri:0, instance:euler.test.P2_Even_Fibonacci_numbers_Test@3e6ef8ad]" started-at="2021-12-05T22:49:58 IST" name="test_55_v2" finished-at="2021-12-05T22:49:58 IST" duration-ms="2" status="PASS">
          <reporter-output>
          </reporter-output>
        </test-method> <!-- test_55_v2 -->
      </class> <!-- euler.test.P2_Even_Fibonacci_numbers_Test -->
    </test> <!-- Default test -->
  </suite> <!-- Default suite -->
</testng-results>
